python : WARNING: Using incubator modules: jdk.incubator.vector
En línea: 18 Carácter: 1
+ python jobs\spark_job.py --input data\ventas.csv --output output\spar ...
+ ~~~~~~~~~~~~~~~~~~~~~~~~~~~~~~~~~~~~~~~~~~~~~~~~~~~~~~~~~~~~~~~~~~~~~
    + CategoryInfo          : NotSpecified: (WARNING: Using ...ncubator.vector:String) [], RemoteException
    + FullyQualifiedErrorId : NativeCommandError
 
26/07/05 20:28:42 WARN Shell: Did not find winutils.exe: java.io.FileNotFoundException: java.io.FileNotFoundException: HADOOP_HOME and hadoop.home.dir are 
unset. -see https://cwiki.apache.org/confluence/display/HADOOP2/WindowsProblems
Using Spark's default log4j profile: org/apache/spark/log4j2-defaults.properties
Setting default log level to "WARN".
To adjust logging level use sc.setLogLevel(newLevel). For SparkR, use setLogLevel(newLevel).
26/07/05 20:28:43 WARN NativeCodeLoader: Unable to load native-hadoop library for your platform... using builtin-java classes where applicable
26/07/05 20:28:43 WARN Utils: Service 'SparkUI' could not bind on port 4040. Attempting port 4041.
26/07/05 20:28:43 WARN Utils: Service 'SparkUI' could not bind on port 4041. Attempting port 4042.
26/07/05 20:28:43 WARN Utils: Service 'SparkUI' could not bind on port 4042. Attempting port 4043.
26/07/05 20:28:43 WARN Utils: Service 'SparkUI' could not bind on port 4043. Attempting port 4044.
26/07/05 20:28:43 WARN Utils: Service 'SparkUI' could not bind on port 4044. Attempting port 4045.
26/07/05 20:28:43 WARN Utils: Service 'SparkUI' could not bind on port 4045. Attempting port 4046.
26/07/05 20:28:43 WARN Utils: Service 'SparkUI' could not bind on port 4046. Attempting port 4047.
26/07/05 20:28:43 WARN Utils: Service 'SparkUI' could not bind on port 4047. Attempting port 4048.
26/07/05 20:28:43 WARN Utils: Service 'SparkUI' could not bind on port 4048. Attempting port 4049.
+----------+-----------+-----------------+-------------+
|fecha     |producto_id|unidades_vendidas|ingreso_total|
+----------+-----------+-----------------+-------------+
|2023-01-01|101        |1                |46.61        |
|2023-01-01|103        |23               |4419.93      |
|2023-01-01|104        |8                |261.24       |
|2023-01-01|105        |14               |823.88       |
|2023-01-01|107        |30               |294.28       |
|2023-01-01|108        |10               |348.2        |
|2023-01-02|101        |7                |319.8        |
|2023-01-02|102        |24               |610.39       |
|2023-01-02|104        |23               |758.27       |
|2023-01-02|105        |18               |1043.7       |
+----------+-----------+-----------------+-------------+
only showing top 10 rows
[spark_job] filas agregadas: 426
[spark_job] Writer nativo no disponible (Py4JJavaError); usando fallback pandas -> pyarrow.
[spark_job] Parquet escrito (fallback) en: output\spark_parquet\ingresos_spark.parquet
CORRECTO: el proceso con PID 37440 (proceso secundario de PID 12260)
ha sido terminado.
CORRECTO: el proceso con PID 12260 (proceso secundario de PID 17776)
ha sido terminado.
CORRECTO: el proceso con PID 17776 (proceso secundario de PID 18860)
ha sido terminado.
